<?xml version="1.0" encoding="UTF-8"?>
<!-- Generated by org.testng.reporters.JUnitReportReporter -->
<testsuite skipped="0" hostname="MacBook-Pro-Pras.local" name="testcase.android.productMatches" tests="1" failures="0" timestamp="11 Jul 2018 04:59:50 GMT" time="54.897" errors="0">
  <testcase name="testtestFollow" time="54.897" classname="testcase.android.productMatches"/>
</testsuite> <!-- testcase.android.productMatches -->
