<?xml version="1.0" encoding="UTF-8"?>
<!-- Generated by org.testng.reporters.JUnitReportReporter -->
<testsuite skipped="0" hostname="MacBook-Pro-Pras.local" name="testcase.android.feedFollow" tests="1" failures="0" timestamp="12 Jul 2018 10:03:25 GMT" time="39.368" errors="0">
  <testcase name="testtestFollow" time="39.368" classname="testcase.android.feedFollow"/>
</testsuite> <!-- testcase.android.feedFollow -->
