<?xml version="1.0" encoding="UTF-8"?>
<!-- Generated by org.testng.reporters.JUnitReportReporter -->
<testsuite skipped="0" hostname="MacBook-Pro-Pras.local" name="testcase.android.makeupMatches" tests="1" failures="0" timestamp="26 Jun 2018 09:23:21 GMT" time="68.269" errors="0">
  <testcase name="testtestFollow" time="68.269" classname="testcase.android.makeupMatches"/>
</testsuite> <!-- testcase.android.makeupMatches -->
