<?xml version="1.0" encoding="UTF-8"?>
<!-- Generated by org.testng.reporters.JUnitReportReporter -->
<testsuite skipped="0" hostname="MacBook-Pro-Pras.local" name="testcase.android.popularMatches" tests="1" failures="0" timestamp="25 Jun 2018 03:44:05 GMT" time="44.688" errors="0">
  <testcase name="testtestFollow" time="44.688" classname="testcase.android.popularMatches"/>
</testsuite> <!-- testcase.android.popularMatches -->
