<?xml version="1.0" encoding="UTF-8"?>
<!-- Generated by org.testng.reporters.JUnitReportReporter -->
<testsuite skipped="0" hostname="MBP-Pras" name="testcase.android.feedViewTaggedProduct" tests="1" failures="0" timestamp="15 Jul 2018 11:30:19 GMT" time="53.281" errors="1">
  <testcase name="testtestFollow" time="53.281" classname="testcase.android.feedViewTaggedProduct">
    <error type="org.openqa.selenium.WebDriverException" message="Returned value cannot be converted to WebElement: {error=invalid selector, message=io.appium.uiautomator2.common.exceptions.UiSelectorSyntaxException: Could not parse expression `new UiScrollable(new UiSelector().resourceId(&quot;com.fdbr.android.debug:id/ll_tag_post&quot;`: Unclosed paren in expression
	at io.appium.uiautomator2.utils.UiExpressionParser.consumeMethodParameters(UiExpressionParser.java:153)
	at io.appium.uiautomator2.utils.UiExpressionParser.consumeConstructor(UiExpressionParser.java:71)
	at io.appium.uiautomator2.utils.UiScrollableParser.parse(UiScrollableParser.java:57)
	at io.appium.uiautomator2.utils.UiAutomatorParser.consumeStatement(UiAutomatorParser.java:93)
	at io.appium.uiautomator2.utils.UiAutomatorParser.parse(UiAutomatorParser.java:49)
	at io.appium.uiautomator2.handler.FindElement.findByUiAutomator(FindElement.java:176)
	at io.appium.uiautomator2.handler.FindElement.findElement(FindElement.java:142)
	at io.appium.uiautomator2.handler.FindElement.safeHandle(FindElement.java:114)
	at io.appium.uiautomator2.handler.request.SafeRequestHandler.handle(SafeRequestHandler.java:65)
	at io.appium.uiautomator2.server.AppiumServlet.handleRequest(AppiumServlet.java:247)
	at io.appium.uiautomator2.server.AppiumServlet.handleHttpRequest(AppiumServlet.java:238)
	at io.appium.uiautomator2.http.ServerHandler.channelRead(ServerHandler.java:44)
	at io.netty.channel.AbstractChannelHandlerContext.invokeChannelRead(AbstractChannelHandlerContext.java:366)
	at io.netty.channel.AbstractChannelHandlerContext.invokeChannelRead(AbstractChannelHandlerContext.java:352)
	at io.netty.channel.AbstractChannelHandlerContext.fireChannelRead(AbstractChannelHandlerContext.java:345)
	at io.netty.handler.codec.MessageToMessageDecoder.channelRead(MessageToMessageDecoder.java:102)
	at io.netty.channel.AbstractChannelHandlerContext.invokeChannelRead(AbstractChannelHandlerContext.java:366)
	at io.netty.channel.AbstractChannelHandlerContext.invokeChannelRead(AbstractChannelHandlerContext.java:352)
	at io.netty.channel.AbstractChannelHandlerContext.fireChannelRead(AbstractChannelHandlerContext.java:345)
	at io.netty.channel.CombinedChannelDuplexHandler$DelegatingChannelHandlerContext.fireChannelRead(CombinedChannelDuplexHandler.java:435)
	at io.netty.handler.codec.ByteToMessageDecoder.fireChannelRead(ByteToMessageDecoder.java:293)
	at io.netty.handler.codec.ByteToMessageDecoder.channelRead(ByteToMessageDecoder.java:267)
	at io.netty.channel.CombinedChannelDuplexHandler.channelRead(CombinedChannelDuplexHandler.java:250)
	at io.netty.channel.AbstractChannelHandlerContext.invokeChannelRead(AbstractChannelHandlerContext.java:366)
	at io.netty.channel.AbstractChannelHandlerContext.invokeChannelRead(AbstractChannelHandlerContext.java:352)
	at io.netty.channel.AbstractChannelHandlerContext.fireChannelRead(AbstractChannelHandlerContext.java:345)
	at io.netty.channel.DefaultChannelPipeline$HeadContext.channelRead(DefaultChannelPipeline.java:1294)
	at io.netty.channel.AbstractChannelHandlerContext.invokeChannelRead(AbstractChannelHandlerContext.java:366)
	at io.netty.channel.AbstractChannelHandlerContext.invokeChannelRead(AbstractChannelHandlerContext.java:352)
	at io.netty.channel.DefaultChannelPipeline.fireChannelRead(DefaultChannelPipeline.java:911)
	at io.netty.channel.nio.AbstractNioByteChannel$NioByteUnsafe.read(AbstractNioByteChannel.java:131)
	at io.netty.channel.nio.NioEventLoop.processSelectedKey(NioEventLoop.java:611)
	at io.netty.channel.nio.NioEventLoop.processSelectedKeysPlain(NioEventLoop.java:514)
	at io.netty.channel.nio.NioEventLoop.processSelectedKeys(NioEventLoop.java:468)
	at io.netty.channel.nio.NioEventLoop.run(NioEventLoop.java:438)
	at io.netty.util.concurrent.SingleThreadEventExecutor$2.run(SingleThreadEventExecutor.java:140)
	at io.netty.util.concurrent.DefaultThreadFactory$DefaultRunnableDecorator.run(DefaultThreadFactory.java:144)
	at java.lang.Thread.run(Thread.java:818)
, stacktrace=InvalidSelectorError: io.appium.uiautomator2.common.exceptions.UiSelectorSyntaxException: Could not parse expression `new UiScrollable(new UiSelector().resourceId(&quot;com.fdbr.android.debug:id/ll_tag_post&quot;`: Unclosed paren in expression
	at io.appium.uiautomator2.utils.UiExpressionParser.consumeMethodParameters(UiExpressionParser.java:153)
	at io.appium.uiautomator2.utils.UiExpressionParser.consumeConstructor(UiExpressionParser.java:71)
	at io.appium.uiautomator2.utils.UiScrollableParser.parse(UiScrollableParser.java:57)
	at io.appium.uiautomator2.utils.UiAutomatorParser.consumeStatement(UiAutomatorParser.java:93)
	at io.appium.uiautomator2.utils.UiAutomatorParser.parse(UiAutomatorParser.java:49)
	at io.appium.uiautomator2.handler.FindElement.findByUiAutomator(FindElement.java:176)
	at io.appium.uiautomator2.handler.FindElement.findElement(FindElement.java:142)
	at io.appium.uiautomator2.handler.FindElement.safeHandle(FindElement.java:114)
	at io.appium.uiautomator2.handler.request.SafeRequestHandler.handle(SafeRequestHandler.java:65)
	at io.appium.uiautomator2.server.AppiumServlet.handleRequest(AppiumServlet.java:247)
	at io.appium.uiautomator2.server.AppiumServlet.handleHttpRequest(AppiumServlet.java:238)
	at io.appium.uiautomator2.http.ServerHandler.channelRead(ServerHandler.java:44)
	at io.netty.channel.AbstractChannelHandlerContext.invokeChannelRead(AbstractChannelHandlerContext.java:366)
	at io.netty.channel.AbstractChannelHandlerContext.invokeChannelRead(AbstractChannelHandlerContext.java:352)
	at io.netty.channel.AbstractChannelHandlerContext.fireChannelRead(AbstractChannelHandlerContext.java:345)
	at io.netty.handler.codec.MessageToMessageDecoder.channelRead(MessageToMessageDecoder.java:102)
	at io.netty.channel.AbstractChannelHandlerContext.invokeChannelRead(AbstractChannelHandlerContext.java:366)
	at io.netty.channel.AbstractChannelHandlerContext.invokeChannelRead(AbstractChannelHandlerContext.java:352)
	at io.netty.channel.AbstractChannelHandlerContext.fireChannelRead(AbstractChannelHandlerContext.java:345)
	at io.netty.channel.CombinedChannelDuplexHandler$DelegatingChannelHandlerContext.fireChannelRead(CombinedChannelDuplexHandler.java:435)
	at io.netty.handler.codec.ByteToMessageDecoder.fireChannelRead(ByteToMessageDecoder.java:293)
	at io.netty.handler.codec.ByteToMessageDecoder.channelRead(ByteToMessageDecoder.java:267)
	at io.netty.channel.CombinedChannelDuplexHandler.channelRead(CombinedChannelDuplexHandler.java:250)
	at io.netty.channel.AbstractChannelHandlerContext.invokeChannelRead(AbstractChannelHandlerContext.java:366)
	at io.netty.channel.AbstractChannelHandlerContext.invokeChannelRead(AbstractChannelHandlerContext.java:352)
	at io.netty.channel.AbstractChannelHandlerContext.fireChannelRead(AbstractChannelHandlerContext.java:345)
	at io.netty.channel.DefaultChannelPipeline$HeadContext.channelRead(DefaultChannelPipeline.java:1294)
	at io.netty.channel.AbstractChannelHandlerContext.invokeChannelRead(AbstractChannelHandlerContext.java:366)
	at io.netty.channel.AbstractChannelHandlerContext.invokeChannelRead(AbstractChannelHandlerContext.java:352)
	at io.netty.channel.DefaultChannelPipeline.fireChannelRead(DefaultChannelPipeline.java:911)
	at io.netty.channel.nio.AbstractNioByteChannel$NioByteUnsafe.read(AbstractNioByteChannel.java:131)
	at io.netty.channel.nio.NioEventLoop.processSelectedKey(NioEventLoop.java:611)
	at io.netty.channel.nio.NioEventLoop.processSelectedKeysPlain(NioEventLoop.java:514)
	at io.netty.channel.nio.NioEventLoop.processSelectedKeys(NioEventLoop.java:468)
	at io.netty.channel.nio.NioEventLoop.run(NioEventLoop.java:438)
	at io.netty.util.concurrent.SingleThreadEventExecutor$2.run(SingleThreadEventExecutor.java:140)
	at io.netty.util.concurrent.DefaultThreadFactory$DefaultRunnableDecorator.run(DefaultThreadFactory.java:144)
	at java.lang.Thread.run(Thread.java:818)

    at errorFromMJSONWPStatusCode (/Applications/Appium 2.app/Contents/Resources/app/node_modules/appium-base-driver/lib/protocol/errors.js:769:12)
    at ProxyRequestError.getActualError (/Applications/Appium 2.app/Contents/Resources/app/node_modules/appium-base-driver/lib/protocol/errors.js:674:14)
    at asyncHandler$ (/Applications/Appium 2.app/Contents/Resources/app/node_modules/appium-base-driver/lib/protocol/protocol.js:345:25)
    at tryCatch (/Applications/Appium 2.app/Contents/Resources/app/node_modules/appium-base-driver/node_modules/babel-runtime/regenerator/runtime.js:67:40)
    at GeneratorFunctionPrototype.invoke [as _invoke] (/Applications/Appium 2.app/Contents/Resources/app/node_modules/appium-base-driver/node_modules/babel-runtime/regenerator/runtime.js:315:22)
    at GeneratorFunctionPrototype.prototype.(anonymous function) [as next] (/Applications/Appium 2.app/Contents/Resources/app/node_modules/appium-base-driver/node_modules/babel-runtime/regenerator/runtime.js:100:21)
    at GeneratorFunctionPrototype.invoke (/Applications/Appium 2.app/Contents/Resources/app/node_modules/appium-base-driver/node_modules/babel-runtime/regenerator/runtime.js:136:37)
    at &lt;anonymous&gt;}
Build info: version: &#039;3.12.0&#039;, revision: &#039;7c6e0b3&#039;, time: &#039;2018-05-08T15:15:08.936Z&#039;
System info: host: &#039;MBP-Pras&#039;, ip: &#039;fe80:0:0:0:c2b:4d0a:8fcc:85e4%en0&#039;, os.name: &#039;Mac OS X&#039;, os.arch: &#039;x86_64&#039;, os.version: &#039;10.13.5&#039;, java.version: &#039;1.8.0_131&#039;
Driver info: driver.version: AndroidDriver">
      <![CDATA[org.openqa.selenium.WebDriverException: Returned value cannot be converted to WebElement: {error=invalid selector, message=io.appium.uiautomator2.common.exceptions.UiSelectorSyntaxException: Could not parse expression `new UiScrollable(new UiSelector().resourceId("com.fdbr.android.debug:id/ll_tag_post"`: Unclosed paren in expression
	at io.appium.uiautomator2.utils.UiExpressionParser.consumeMethodParameters(UiExpressionParser.java:153)
	at io.appium.uiautomator2.utils.UiExpressionParser.consumeConstructor(UiExpressionParser.java:71)
	at io.appium.uiautomator2.utils.UiScrollableParser.parse(UiScrollableParser.java:57)
	at io.appium.uiautomator2.utils.UiAutomatorParser.consumeStatement(UiAutomatorParser.java:93)
	at io.appium.uiautomator2.utils.UiAutomatorParser.parse(UiAutomatorParser.java:49)
	at io.appium.uiautomator2.handler.FindElement.findByUiAutomator(FindElement.java:176)
	at io.appium.uiautomator2.handler.FindElement.findElement(FindElement.java:142)
	at io.appium.uiautomator2.handler.FindElement.safeHandle(FindElement.java:114)
	at io.appium.uiautomator2.handler.request.SafeRequestHandler.handle(SafeRequestHandler.java:65)
	at io.appium.uiautomator2.server.AppiumServlet.handleRequest(AppiumServlet.java:247)
	at io.appium.uiautomator2.server.AppiumServlet.handleHttpRequest(AppiumServlet.java:238)
	at io.appium.uiautomator2.http.ServerHandler.channelRead(ServerHandler.java:44)
	at io.netty.channel.AbstractChannelHandlerContext.invokeChannelRead(AbstractChannelHandlerContext.java:366)
	at io.netty.channel.AbstractChannelHandlerContext.invokeChannelRead(AbstractChannelHandlerContext.java:352)
	at io.netty.channel.AbstractChannelHandlerContext.fireChannelRead(AbstractChannelHandlerContext.java:345)
	at io.netty.handler.codec.MessageToMessageDecoder.channelRead(MessageToMessageDecoder.java:102)
	at io.netty.channel.AbstractChannelHandlerContext.invokeChannelRead(AbstractChannelHandlerContext.java:366)
	at io.netty.channel.AbstractChannelHandlerContext.invokeChannelRead(AbstractChannelHandlerContext.java:352)
	at io.netty.channel.AbstractChannelHandlerContext.fireChannelRead(AbstractChannelHandlerContext.java:345)
	at io.netty.channel.CombinedChannelDuplexHandler$DelegatingChannelHandlerContext.fireChannelRead(CombinedChannelDuplexHandler.java:435)
	at io.netty.handler.codec.ByteToMessageDecoder.fireChannelRead(ByteToMessageDecoder.java:293)
	at io.netty.handler.codec.ByteToMessageDecoder.channelRead(ByteToMessageDecoder.java:267)
	at io.netty.channel.CombinedChannelDuplexHandler.channelRead(CombinedChannelDuplexHandler.java:250)
	at io.netty.channel.AbstractChannelHandlerContext.invokeChannelRead(AbstractChannelHandlerContext.java:366)
	at io.netty.channel.AbstractChannelHandlerContext.invokeChannelRead(AbstractChannelHandlerContext.java:352)
	at io.netty.channel.AbstractChannelHandlerContext.fireChannelRead(AbstractChannelHandlerContext.java:345)
	at io.netty.channel.DefaultChannelPipeline$HeadContext.channelRead(DefaultChannelPipeline.java:1294)
	at io.netty.channel.AbstractChannelHandlerContext.invokeChannelRead(AbstractChannelHandlerContext.java:366)
	at io.netty.channel.AbstractChannelHandlerContext.invokeChannelRead(AbstractChannelHandlerContext.java:352)
	at io.netty.channel.DefaultChannelPipeline.fireChannelRead(DefaultChannelPipeline.java:911)
	at io.netty.channel.nio.AbstractNioByteChannel$NioByteUnsafe.read(AbstractNioByteChannel.java:131)
	at io.netty.channel.nio.NioEventLoop.processSelectedKey(NioEventLoop.java:611)
	at io.netty.channel.nio.NioEventLoop.processSelectedKeysPlain(NioEventLoop.java:514)
	at io.netty.channel.nio.NioEventLoop.processSelectedKeys(NioEventLoop.java:468)
	at io.netty.channel.nio.NioEventLoop.run(NioEventLoop.java:438)
	at io.netty.util.concurrent.SingleThreadEventExecutor$2.run(SingleThreadEventExecutor.java:140)
	at io.netty.util.concurrent.DefaultThreadFactory$DefaultRunnableDecorator.run(DefaultThreadFactory.java:144)
	at java.lang.Thread.run(Thread.java:818)
, stacktrace=InvalidSelectorError: io.appium.uiautomator2.common.exceptions.UiSelectorSyntaxException: Could not parse expression `new UiScrollable(new UiSelector().resourceId("com.fdbr.android.debug:id/ll_tag_post"`: Unclosed paren in expression
	at io.appium.uiautomator2.utils.UiExpressionParser.consumeMethodParameters(UiExpressionParser.java:153)
	at io.appium.uiautomator2.utils.UiExpressionParser.consumeConstructor(UiExpressionParser.java:71)
	at io.appium.uiautomator2.utils.UiScrollableParser.parse(UiScrollableParser.java:57)
	at io.appium.uiautomator2.utils.UiAutomatorParser.consumeStatement(UiAutomatorParser.java:93)
	at io.appium.uiautomator2.utils.UiAutomatorParser.parse(UiAutomatorParser.java:49)
	at io.appium.uiautomator2.handler.FindElement.findByUiAutomator(FindElement.java:176)
	at io.appium.uiautomator2.handler.FindElement.findElement(FindElement.java:142)
	at io.appium.uiautomator2.handler.FindElement.safeHandle(FindElement.java:114)
	at io.appium.uiautomator2.handler.request.SafeRequestHandler.handle(SafeRequestHandler.java:65)
	at io.appium.uiautomator2.server.AppiumServlet.handleRequest(AppiumServlet.java:247)
	at io.appium.uiautomator2.server.AppiumServlet.handleHttpRequest(AppiumServlet.java:238)
	at io.appium.uiautomator2.http.ServerHandler.channelRead(ServerHandler.java:44)
	at io.netty.channel.AbstractChannelHandlerContext.invokeChannelRead(AbstractChannelHandlerContext.java:366)
	at io.netty.channel.AbstractChannelHandlerContext.invokeChannelRead(AbstractChannelHandlerContext.java:352)
	at io.netty.channel.AbstractChannelHandlerContext.fireChannelRead(AbstractChannelHandlerContext.java:345)
	at io.netty.handler.codec.MessageToMessageDecoder.channelRead(MessageToMessageDecoder.java:102)
	at io.netty.channel.AbstractChannelHandlerContext.invokeChannelRead(AbstractChannelHandlerContext.java:366)
	at io.netty.channel.AbstractChannelHandlerContext.invokeChannelRead(AbstractChannelHandlerContext.java:352)
	at io.netty.channel.AbstractChannelHandlerContext.fireChannelRead(AbstractChannelHandlerContext.java:345)
	at io.netty.channel.CombinedChannelDuplexHandler$DelegatingChannelHandlerContext.fireChannelRead(CombinedChannelDuplexHandler.java:435)
	at io.netty.handler.codec.ByteToMessageDecoder.fireChannelRead(ByteToMessageDecoder.java:293)
	at io.netty.handler.codec.ByteToMessageDecoder.channelRead(ByteToMessageDecoder.java:267)
	at io.netty.channel.CombinedChannelDuplexHandler.channelRead(CombinedChannelDuplexHandler.java:250)
	at io.netty.channel.AbstractChannelHandlerContext.invokeChannelRead(AbstractChannelHandlerContext.java:366)
	at io.netty.channel.AbstractChannelHandlerContext.invokeChannelRead(AbstractChannelHandlerContext.java:352)
	at io.netty.channel.AbstractChannelHandlerContext.fireChannelRead(AbstractChannelHandlerContext.java:345)
	at io.netty.channel.DefaultChannelPipeline$HeadContext.channelRead(DefaultChannelPipeline.java:1294)
	at io.netty.channel.AbstractChannelHandlerContext.invokeChannelRead(AbstractChannelHandlerContext.java:366)
	at io.netty.channel.AbstractChannelHandlerContext.invokeChannelRead(AbstractChannelHandlerContext.java:352)
	at io.netty.channel.DefaultChannelPipeline.fireChannelRead(DefaultChannelPipeline.java:911)
	at io.netty.channel.nio.AbstractNioByteChannel$NioByteUnsafe.read(AbstractNioByteChannel.java:131)
	at io.netty.channel.nio.NioEventLoop.processSelectedKey(NioEventLoop.java:611)
	at io.netty.channel.nio.NioEventLoop.processSelectedKeysPlain(NioEventLoop.java:514)
	at io.netty.channel.nio.NioEventLoop.processSelectedKeys(NioEventLoop.java:468)
	at io.netty.channel.nio.NioEventLoop.run(NioEventLoop.java:438)
	at io.netty.util.concurrent.SingleThreadEventExecutor$2.run(SingleThreadEventExecutor.java:140)
	at io.netty.util.concurrent.DefaultThreadFactory$DefaultRunnableDecorator.run(DefaultThreadFactory.java:144)
	at java.lang.Thread.run(Thread.java:818)

    at errorFromMJSONWPStatusCode (/Applications/Appium 2.app/Contents/Resources/app/node_modules/appium-base-driver/lib/protocol/errors.js:769:12)
    at ProxyRequestError.getActualError (/Applications/Appium 2.app/Contents/Resources/app/node_modules/appium-base-driver/lib/protocol/errors.js:674:14)
    at asyncHandler$ (/Applications/Appium 2.app/Contents/Resources/app/node_modules/appium-base-driver/lib/protocol/protocol.js:345:25)
    at tryCatch (/Applications/Appium 2.app/Contents/Resources/app/node_modules/appium-base-driver/node_modules/babel-runtime/regenerator/runtime.js:67:40)
    at GeneratorFunctionPrototype.invoke [as _invoke] (/Applications/Appium 2.app/Contents/Resources/app/node_modules/appium-base-driver/node_modules/babel-runtime/regenerator/runtime.js:315:22)
    at GeneratorFunctionPrototype.prototype.(anonymous function) [as next] (/Applications/Appium 2.app/Contents/Resources/app/node_modules/appium-base-driver/node_modules/babel-runtime/regenerator/runtime.js:100:21)
    at GeneratorFunctionPrototype.invoke (/Applications/Appium 2.app/Contents/Resources/app/node_modules/appium-base-driver/node_modules/babel-runtime/regenerator/runtime.js:136:37)
    at <anonymous>}
Build info: version: '3.12.0', revision: '7c6e0b3', time: '2018-05-08T15:15:08.936Z'
System info: host: 'MBP-Pras', ip: 'fe80:0:0:0:c2b:4d0a:8fcc:85e4%en0', os.name: 'Mac OS X', os.arch: 'x86_64', os.version: '10.13.5', java.version: '1.8.0_131'
Driver info: driver.version: AndroidDriver
	at org.openqa.selenium.remote.RemoteWebDriver.findElement(RemoteWebDriver.java:324)
	at io.appium.java_client.DefaultGenericMobileDriver.findElement(DefaultGenericMobileDriver.java:62)
	at io.appium.java_client.AppiumDriver.findElement(AppiumDriver.java:1)
	at io.appium.java_client.android.AndroidDriver.findElement(AndroidDriver.java:1)
	at io.appium.java_client.FindsByAndroidUIAutomator.findElementByAndroidUIAutomator(FindsByAndroidUIAutomator.java:32)
	at io.appium.java_client.MobileBy$ByAndroidUIAutomator.findElement(MobileBy.java:228)
	at org.openqa.selenium.remote.RemoteWebDriver.findElement(RemoteWebDriver.java:309)
	at io.appium.java_client.DefaultGenericMobileDriver.findElement(DefaultGenericMobileDriver.java:58)
	at io.appium.java_client.AppiumDriver.findElement(AppiumDriver.java:1)
	at io.appium.java_client.android.AndroidDriver.findElement(AndroidDriver.java:1)
	at testcase.android.feedViewTaggedProduct.testtestFollow(feedViewTaggedProduct.java:92)
	at sun.reflect.NativeMethodAccessorImpl.invoke0(Native Method)
	at sun.reflect.NativeMethodAccessorImpl.invoke(NativeMethodAccessorImpl.java:62)
	at sun.reflect.DelegatingMethodAccessorImpl.invoke(DelegatingMethodAccessorImpl.java:43)
	at java.lang.reflect.Method.invoke(Method.java:498)
	at org.testng.internal.MethodInvocationHelper.invokeMethod(MethodInvocationHelper.java:108)
	at org.testng.internal.Invoker.invokeMethod(Invoker.java:661)
	at org.testng.internal.Invoker.invokeTestMethod(Invoker.java:869)
	at org.testng.internal.Invoker.invokeTestMethods(Invoker.java:1193)
	at org.testng.internal.TestMethodWorker.invokeTestMethods(TestMethodWorker.java:126)
	at org.testng.internal.TestMethodWorker.run(TestMethodWorker.java:109)
	at org.testng.TestRunner.privateRun(TestRunner.java:744)
	at org.testng.TestRunner.run(TestRunner.java:602)
	at org.testng.SuiteRunner.runTest(SuiteRunner.java:380)
	at org.testng.SuiteRunner.runSequentially(SuiteRunner.java:375)
	at org.testng.SuiteRunner.privateRun(SuiteRunner.java:340)
	at org.testng.SuiteRunner.run(SuiteRunner.java:289)
	at org.testng.SuiteRunnerWorker.runSuite(SuiteRunnerWorker.java:52)
	at org.testng.SuiteRunnerWorker.run(SuiteRunnerWorker.java:86)
	at org.testng.TestNG.runSuitesSequentially(TestNG.java:1301)
	at org.testng.TestNG.runSuitesLocally(TestNG.java:1226)
	at org.testng.TestNG.runSuites(TestNG.java:1144)
	at org.testng.TestNG.run(TestNG.java:1115)
	at org.testng.remote.AbstractRemoteTestNG.run(AbstractRemoteTestNG.java:132)
	at org.testng.remote.RemoteTestNG.initAndRun(RemoteTestNG.java:230)
	at org.testng.remote.RemoteTestNG.main(RemoteTestNG.java:76)
Caused by: java.lang.ClassCastException: com.google.common.collect.Maps$TransformedEntriesMap cannot be cast to org.openqa.selenium.WebElement
	at org.openqa.selenium.remote.RemoteWebDriver.findElement(RemoteWebDriver.java:322)
	... 35 more
]]>
    </error>
  </testcase> <!-- testtestFollow -->
</testsuite> <!-- testcase.android.feedViewTaggedProduct -->
