<?xml version="1.0" encoding="UTF-8"?>
<!-- Generated by org.testng.reporters.JUnitReportReporter -->
<testsuite skipped="0" hostname="MBP-Pras" name="appiumUT.apply_regular" tests="1" failures="0" timestamp="10 Jun 2018 04:59:01 GMT" time="37.398" errors="0">
  <testcase name="testtestFollow" time="37.398" classname="appiumUT.apply_regular"/>
</testsuite> <!-- appiumUT.apply_regular -->
